# JRE version: OpenJDK Runtime Environment (24.0+36) (build 24+36-3646)
# Java VM: OpenJDK 64-Bit Server VM (24+36-3646, mixed mode, emulated-client, sharing, tiered, compressed oops, compressed class ptrs, g1 gc, windows-amd64)
GC Precious Log:
 CardTable entry size: 512
 Card Set container configuration: InlinePtr #cards 4 size 8 Array Of Cards #cards 16 size 48 Howl #buckets 8 coarsen threshold 3686 Howl Bitmap #cards 512 size 80 coarsen threshold 460 Card regions per heap region 1 cards per card region 4096
 CPUs: 16 total, 16 available
 Memory: 16085M
 Large Page Support: Disabled
 NUMA Support: Disabled
 Compressed Oops: Enabled (Zero based)
 Heap Region Size: 2M
 Heap Min Capacity: 8M
 Heap Initial Capacity: 252M
 Heap Max Capacity: 4022M
 Pre-touch: Disabled
 Parallel Workers: 13
 Concurrent Workers: 3
 Concurrent Refinement Workers: 13
 Periodic GC: Disabled
Heap:
 garbage-first heap   total reserved 4118528K, committed 81920K, used 36611K [0x0000000704a00000, 0x0000000800000000)
  region size 2048K, 6 young (12288K), 2 survivors (4096K)
 Metaspace       used 74177K, committed 74752K, reserved 1179648K
  class space    used 8050K, committed 8256K, reserved 1048576K
GC Heap History (20 events):
Event: 1.676 GC heap before
{Heap before GC invocations=4 (full 0):
 garbage-first heap   total reserved 4118528K, committed 67584K, used 44053K [0x0000000704a00000, 0x0000000800000000)
  region size 2048K, 19 young (38912K), 6 survivors (12288K)
 Metaspace       used 29218K, committed 29568K, reserved 1114112K
  class space    used 3013K, committed 3136K, reserved 1048576K
}
Event: 1.683 GC heap after
{Heap after GC invocations=5 (full 0):
 garbage-first heap   total reserved 4118528K, committed 67584K, used 17969K [0x0000000704a00000, 0x0000000800000000)
  region size 2048K, 1 young (2048K), 1 survivors (2048K)
 Metaspace       used 29218K, committed 29568K, reserved 1114112K
  class space    used 3013K, committed 3136K, reserved 1048576K
}
Event: 2.003 GC heap before
{Heap before GC invocations=5 (full 0):
 garbage-first heap   total reserved 4118528K, committed 67584K, used 48689K [0x0000000704a00000, 0x0000000800000000)
  region size 2048K, 16 young (32768K), 1 survivors (2048K)
 Metaspace       used 33533K, committed 33920K, reserved 1114112K
  class space    used 3559K, committed 3712K, reserved 1048576K
}
Event: 2.008 GC heap after
{Heap after GC invocations=6 (full 0):
 garbage-first heap   total reserved 4118528K, committed 67584K, used 20017K [0x0000000704a00000, 0x0000000800000000)
  region size 2048K, 2 young (4096K), 2 survivors (4096K)
 Metaspace       used 33533K, committed 33920K, reserved 1114112K
  class space    used 3559K, committed 3712K, reserved 1048576K
}
Event: 2.154 GC heap before
{Heap before GC invocations=6 (full 0):
 garbage-first heap   total reserved 4118528K, committed 67584K, used 34353K [0x0000000704a00000, 0x0000000800000000)
  region size 2048K, 10 young (20480K), 2 survivors (4096K)
 Metaspace       used 35689K, committed 36096K, reserved 1114112K
  class space    used 3837K, committed 4032K, reserved 1048576K
}
Event: 2.157 GC heap after
{Heap after GC invocations=7 (full 0):
 garbage-first heap   total reserved 4118528K, committed 67584K, used 21474K [0x0000000704a00000, 0x0000000800000000)
  region size 2048K, 2 young (4096K), 2 survivors (4096K)
 Metaspace       used 35689K, committed 36096K, reserved 1114112K
  class space    used 3837K, committed 4032K, reserved 1048576K
}
Event: 2.485 GC heap before
{Heap before GC invocations=8 (full 0):
 garbage-first heap   total reserved 4118528K, committed 67584K, used 52194K [0x0000000704a00000, 0x0000000800000000)
  region size 2048K, 17 young (34816K), 2 survivors (4096K)
 Metaspace       used 42418K, committed 42816K, reserved 1114112K
  class space    used 4555K, committed 4736K, reserved 1048576K
}
Event: 2.488 GC heap after
{Heap after GC invocations=9 (full 0):
 garbage-first heap   total reserved 4118528K, committed 67584K, used 22992K [0x0000000704a00000, 0x0000000800000000)
  region size 2048K, 2 young (4096K), 2 survivors (4096K)
 Metaspace       used 42418K, committed 42816K, reserved 1114112K
  class space    used 4555K, committed 4736K, reserved 1048576K
}
Event: 2.949 GC heap before
{Heap before GC invocations=9 (full 0):
 garbage-first heap   total reserved 4118528K, committed 67584K, used 53712K [0x0000000704a00000, 0x0000000800000000)
  region size 2048K, 17 young (34816K), 2 survivors (4096K)
 Metaspace       used 52345K, committed 52800K, reserved 1114112K
  class space    used 5553K, committed 5760K, reserved 1048576K
}
Event: 2.952 GC heap after
{Heap after GC invocations=10 (full 0):
 garbage-first heap   total reserved 4118528K, committed 67584K, used 25281K [0x0000000704a00000, 0x0000000800000000)
  region size 2048K, 3 young (6144K), 3 survivors (6144K)
 Metaspace       used 52345K, committed 52800K, reserved 1114112K
  class space    used 5553K, committed 5760K, reserved 1048576K
}
Event: 3.270 GC heap before
{Heap before GC invocations=10 (full 0):
 garbage-first heap   total reserved 4118528K, committed 67584K, used 51905K [0x0000000704a00000, 0x0000000800000000)
  region size 2048K, 17 young (34816K), 3 survivors (6144K)
 Metaspace       used 59450K, committed 59904K, reserved 1114112K
  class space    used 6253K, committed 6400K, reserved 1048576K
}
Event: 3.274 GC heap after
{Heap after GC invocations=11 (full 0):
 garbage-first heap   total reserved 4118528K, committed 67584K, used 26993K [0x0000000704a00000, 0x0000000800000000)
  region size 2048K, 3 young (6144K), 3 survivors (6144K)
 Metaspace       used 59450K, committed 59904K, reserved 1114112K
  class space    used 6253K, committed 6400K, reserved 1048576K
}
Event: 3.293 GC heap before
{Heap before GC invocations=11 (full 0):
 garbage-first heap   total reserved 4118528K, committed 67584K, used 26993K [0x0000000704a00000, 0x0000000800000000)
  region size 2048K, 4 young (8192K), 3 survivors (6144K)
 Metaspace       used 59841K, committed 60288K, reserved 1114112K
  class space    used 6332K, committed 6528K, reserved 1048576K
}
Event: 3.296 GC heap after
{Heap after GC invocations=12 (full 0):
 garbage-first heap   total reserved 4118528K, committed 67584K, used 27055K [0x0000000704a00000, 0x0000000800000000)
  region size 2048K, 1 young (2048K), 1 survivors (2048K)
 Metaspace       used 59841K, committed 60288K, reserved 1114112K
  class space    used 6332K, committed 6528K, reserved 1048576K
}
Event: 3.674 GC heap before
{Heap before GC invocations=13 (full 0):
 garbage-first heap   total reserved 4118528K, committed 67584K, used 57775K [0x0000000704a00000, 0x0000000800000000)
  region size 2048K, 16 young (32768K), 1 survivors (2048K)
 Metaspace       used 65143K, committed 65664K, reserved 1114112K
  class space    used 7011K, committed 7232K, reserved 1048576K
}
Event: 3.676 GC heap after
{Heap after GC invocations=14 (full 0):
 garbage-first heap   total reserved 4118528K, committed 67584K, used 28524K [0x0000000704a00000, 0x0000000800000000)
  region size 2048K, 2 young (4096K), 2 survivors (4096K)
 Metaspace       used 65143K, committed 65664K, reserved 1114112K
  class space    used 7011K, committed 7232K, reserved 1048576K
}
Event: 3.918 GC heap before
{Heap before GC invocations=14 (full 0):
 garbage-first heap   total reserved 4118528K, committed 67584K, used 55148K [0x0000000704a00000, 0x0000000800000000)
  region size 2048K, 15 young (30720K), 2 survivors (4096K)
 Metaspace       used 68162K, committed 68736K, reserved 1114112K
  class space    used 7378K, committed 7616K, reserved 1048576K
}
Event: 3.921 GC heap after
{Heap after GC invocations=15 (full 0):
 garbage-first heap   total reserved 4118528K, committed 67584K, used 30208K [0x0000000704a00000, 0x0000000800000000)
  region size 2048K, 2 young (4096K), 2 survivors (4096K)
 Metaspace       used 68162K, committed 68736K, reserved 1114112K
  class space    used 7378K, committed 7616K, reserved 1048576K
}
Event: 8.287 GC heap before
{Heap before GC invocations=15 (full 0):
 garbage-first heap   total reserved 4118528K, committed 67584K, used 54784K [0x0000000704a00000, 0x0000000800000000)
  region size 2048K, 15 young (30720K), 2 survivors (4096K)
 Metaspace       used 72636K, committed 73152K, reserved 1114112K
  class space    used 7867K, committed 8064K, reserved 1048576K
}
Event: 8.291 GC heap after
{Heap after GC invocations=16 (full 0):
 garbage-first heap   total reserved 4118528K, committed 81920K, used 32515K [0x0000000704a00000, 0x0000000800000000)
  region size 2048K, 2 young (4096K), 2 survivors (4096K)
 Metaspace       used 72636K, committed 73152K, reserved 1114112K
  class space    used 7867K, committed 8064K, reserved 1048576K
}

